2022-12-28 19:10:10,870 INFO ****************************************************************
2022-12-28 19:10:10,871 INFO Start logging: Wed Dec 28 19:10:10 2022
2022-12-28 19:10:11,671 INFO Vorhande Feature-Dataset "temp" wird gelöscht
2022-12-28 19:10:12,915 INFO Raster "C:/src/data/Default.gdb\test_v1_sd1_fill" erstellen
2022-12-28 19:10:29,978 INFO Raster "C:/src/data/Default.gdb\test_v1_sd1_flowdir" erstellen
2022-12-28 19:10:45,483 INFO Raster "C:/src/data/Default.gdb\test_v1_sd1_flowaccu" erstellen
2022-12-28 19:11:06,572 INFO Layer mit Schächten, für welche ein Teileinzugsgebiet berechnet werden soll, erstellen
2022-12-28 19:11:06,994 INFO Raster "C:/src/data/Default.gdb\test_v1_sd1_pourpoint" erstellen
2022-12-28 19:11:20,082 INFO Raster "C:/src/data/Default.gdb\test_v1_sd1_watershed" erstellen
2022-12-28 19:11:36,898 INFO Raster "C:/src/data/Default.gdb\test_v1_sd1_watershed" zu Polygon subcatchment_ras2poly konvertieren
2022-12-28 19:11:41,541 INFO Der Featureklasse "hyd_subcatchment" Felder hinzufügen
2022-12-28 19:11:54,262 INFO Schächte und Teileinzugebiete miteinander joinen um den Teileinzugsgebieten die ID des Auslaufschachtes zu übergeben
2022-12-28 19:11:54,879 INFO Feld Outlet berechnen
2022-12-28 19:11:55,312 INFO Teileinzugsgebiete mit Methode "3" erstellen
2022-12-28 19:11:55,322 INFO Feature "subcatchment_v1" erstellen
2022-12-28 19:29:11,469 INFO Gebietsweite pro subcatchment berechnen
2022-12-28 19:29:11,546 INFO Raster C:/src/data/Default.gdb\test_v1_sd1_slope erstellen
2022-12-28 19:29:12,169 INFO Raster C:/src/data/Default.gdb\test_v1_sd1_slope_max60 erstellen
2022-12-28 19:29:18,823 INFO Mittlere Steigung (Terraingefälle) pro Einzugsgebiet berechnen
2022-12-28 19:29:19,621 INFO Join slope table zu subcatchment um Neigung pro Einzugsgebiet zu berechnen
2022-12-28 19:29:19,999 INFO Feld PercSlope berechnen
2022-12-28 19:29:21,651 INFO Skript Laufzeit: 1151 sec.
2022-12-28 19:29:21,652 INFO 0 Fehler gefunden. Check Log.
2022-12-28 19:29:21,652 INFO End time: Wed Dec 28 19:29:21 2022
2022-12-28 19:29:21,653 INFO ****************************************************************

